<?xml version="1.0" encoding="UTF-8"?>
<!-- Generated by org.testng.reporters.JUnitReportReporter -->
<testsuite name="com.TestNG.TestngAnnotation" tests="6" time="0.023" ignored="0" failures="0" timestamp="11 Nov 2017 04:04:47 GMT" skipped="0" hostname="Lenovo-PC" errors="0">
  <testcase name="aestCase2" time="0.008" classname="com.TestNG.TestngAnnotation"/>
  <testcase name="aestCase2" time="0.001" classname="com.TestNG.TestngAnnotation"/>
  <testcase name="aestCase2" time="0.001" classname="com.TestNG.TestngAnnotation"/>
  <testcase name="testCase1" time="0.007" classname="com.TestNG.TestngAnnotation"/>
  <testcase name="aestCase2" time="0.002" classname="com.TestNG.TestngAnnotation"/>
  <testcase name="aestCase2" time="0.004" classname="com.TestNG.TestngAnnotation"/>
</testsuite> <!-- com.TestNG.TestngAnnotation -->
