<?xml version="1.0" encoding="UTF-8"?>
<!-- Generated by org.testng.reporters.JUnitReportReporter -->
<testsuite name="com.TestCase.HomePage_TestCase" tests="1" time="65.579" ignored="0" failures="0" timestamp="21 Aug 2018 04:04:41 GMT" skipped="0" hostname="Lenovo-PC" errors="0">
  <testcase name="homePageValidation" time="65.579" classname="com.TestCase.HomePage_TestCase"/>
</testsuite> <!-- com.TestCase.HomePage_TestCase -->
