<?xml version="1.0" encoding="UTF-8"?>
<!-- Generated by org.testng.reporters.JUnitReportReporter -->
<testsuite name="com.TestNG.Ebay_TestNG_ExtentReport" tests="5" time="32.007" ignored="0" failures="0" timestamp="09 Dec 2017 09:24:48 GMT" skipped="0" hostname="Lenovo-PC" errors="0">
  <testcase name="browserProperty" time="1.308" classname="com.TestNG.Ebay_TestNG_ExtentReport"/>
  <testcase name="searchProduct" time="3.221" classname="com.TestNG.Ebay_TestNG_ExtentReport"/>
  <testcase name="getList" time="11.316" classname="com.TestNG.Ebay_TestNG_ExtentReport"/>
  <testcase name="getPageInfo" time="5.664" classname="com.TestNG.Ebay_TestNG_ExtentReport"/>
  <testcase name="navigatePage" time="10.498" classname="com.TestNG.Ebay_TestNG_ExtentReport"/>
</testsuite> <!-- com.TestNG.Ebay_TestNG_ExtentReport -->
